The system is: Darwin - 17.0.0 - x86_64
Compiling the C compiler identification source file "CMakeCCompilerId.c" succeeded.
Compiler: /Volumes/xs/MacApps/Xcode-beta.app/Contents/Developer/Toolchains/XcodeDefault.xctoolchain/usr/bin/cc 
Build flags: 
Id flags:  

The output was:
0


Compilation of the C compiler identification source "CMakeCCompilerId.c" produced "a.out"

The C compiler identification is AppleClang, found in "/Volumes/xs/CodeSpace/ng/ai/frameworks/mxnet_space/mxnet_cpp_test/build/CMakeFiles/3.8.2/CompilerIdC/a.out"

Compiling the CXX compiler identification source file "CMakeCXXCompilerId.cpp" succeeded.
Compiler: /Volumes/xs/MacApps/Xcode-beta.app/Contents/Developer/Toolchains/XcodeDefault.xctoolchain/usr/bin/c++ 
Build flags: 
Id flags:  

The output was:
0


Compilation of the CXX compiler identification source "CMakeCXXCompilerId.cpp" produced "a.out"

The CXX compiler identification is AppleClang, found in "/Volumes/xs/CodeSpace/ng/ai/frameworks/mxnet_space/mxnet_cpp_test/build/CMakeFiles/3.8.2/CompilerIdCXX/a.out"

Determining if the C compiler works passed with the following output:
Change Dir: /Volumes/xs/CodeSpace/ng/ai/frameworks/mxnet_space/mxnet_cpp_test/build/CMakeFiles/CMakeTmp

Run Build Command:"/usr/bin/make" "cmTC_a2c11/fast"
/Volumes/xs/MacApps/Xcode-beta.app/Contents/Developer/usr/bin/make -f CMakeFiles/cmTC_a2c11.dir/build.make CMakeFiles/cmTC_a2c11.dir/build
Building C object CMakeFiles/cmTC_a2c11.dir/testCCompiler.c.o
/Volumes/xs/MacApps/Xcode-beta.app/Contents/Developer/Toolchains/XcodeDefault.xctoolchain/usr/bin/cc    -o CMakeFiles/cmTC_a2c11.dir/testCCompiler.c.o   -c /Volumes/xs/CodeSpace/ng/ai/frameworks/mxnet_space/mxnet_cpp_test/build/CMakeFiles/CMakeTmp/testCCompiler.c
Linking C executable cmTC_a2c11
/usr/local/Cellar/cmake/3.8.2/bin/cmake -E cmake_link_script CMakeFiles/cmTC_a2c11.dir/link.txt --verbose=1
/Volumes/xs/MacApps/Xcode-beta.app/Contents/Developer/Toolchains/XcodeDefault.xctoolchain/usr/bin/cc   -Wl,-search_paths_first -Wl,-headerpad_max_install_names   CMakeFiles/cmTC_a2c11.dir/testCCompiler.c.o  -o cmTC_a2c11 


Detecting C compiler ABI info compiled with the following output:
Change Dir: /Volumes/xs/CodeSpace/ng/ai/frameworks/mxnet_space/mxnet_cpp_test/build/CMakeFiles/CMakeTmp

Run Build Command:"/usr/bin/make" "cmTC_3271f/fast"
/Volumes/xs/MacApps/Xcode-beta.app/Contents/Developer/usr/bin/make -f CMakeFiles/cmTC_3271f.dir/build.make CMakeFiles/cmTC_3271f.dir/build
Building C object CMakeFiles/cmTC_3271f.dir/CMakeCCompilerABI.c.o
/Volumes/xs/MacApps/Xcode-beta.app/Contents/Developer/Toolchains/XcodeDefault.xctoolchain/usr/bin/cc    -o CMakeFiles/cmTC_3271f.dir/CMakeCCompilerABI.c.o   -c /usr/local/Cellar/cmake/3.8.2/share/cmake/Modules/CMakeCCompilerABI.c
Linking C executable cmTC_3271f
/usr/local/Cellar/cmake/3.8.2/bin/cmake -E cmake_link_script CMakeFiles/cmTC_3271f.dir/link.txt --verbose=1
/Volumes/xs/MacApps/Xcode-beta.app/Contents/Developer/Toolchains/XcodeDefault.xctoolchain/usr/bin/cc   -Wl,-search_paths_first -Wl,-headerpad_max_install_names  -v -Wl,-v CMakeFiles/cmTC_3271f.dir/CMakeCCompilerABI.c.o  -o cmTC_3271f 
Apple LLVM version 9.0.0 (clang-900.0.38)
Target: x86_64-apple-darwin17.0.0
Thread model: posix
InstalledDir: /Volumes/xs/MacApps/Xcode-beta.app/Contents/Developer/Toolchains/XcodeDefault.xctoolchain/usr/bin
 "/Volumes/xs/MacApps/Xcode-beta.app/Contents/Developer/Toolchains/XcodeDefault.xctoolchain/usr/bin/ld" -demangle -lto_library /Volumes/xs/MacApps/Xcode-beta.app/Contents/Developer/Toolchains/XcodeDefault.xctoolchain/usr/lib/libLTO.dylib -dynamic -arch x86_64 -macosx_version_min 10.13.0 -o cmTC_3271f -search_paths_first -headerpad_max_install_names -v CMakeFiles/cmTC_3271f.dir/CMakeCCompilerABI.c.o -lSystem /Volumes/xs/MacApps/Xcode-beta.app/Contents/Developer/Toolchains/XcodeDefault.xctoolchain/usr/lib/clang/9.0.0/lib/darwin/libclang_rt.osx.a
@(#)PROGRAM:ld  PROJECT:ld64-302.3
configured to support archs: armv6 armv7 armv7s arm64 i386 x86_64 x86_64h armv6m armv7k armv7m armv7em (tvOS)
Library search paths:
	/usr/lib
	/usr/local/lib
Framework search paths:
	/Library/Frameworks/
	/System/Library/Frameworks/


Parsed C implicit link information from above output:
  link line regex: [^( *|.*[/\])(ld|([^/\]+-)?ld|collect2)[^/\]*( |$)]
  ignore line: [Change Dir: /Volumes/xs/CodeSpace/ng/ai/frameworks/mxnet_space/mxnet_cpp_test/build/CMakeFiles/CMakeTmp]
  ignore line: []
  ignore line: [Run Build Command:"/usr/bin/make" "cmTC_3271f/fast"]
  ignore line: [/Volumes/xs/MacApps/Xcode-beta.app/Contents/Developer/usr/bin/make -f CMakeFiles/cmTC_3271f.dir/build.make CMakeFiles/cmTC_3271f.dir/build]
  ignore line: [Building C object CMakeFiles/cmTC_3271f.dir/CMakeCCompilerABI.c.o]
  ignore line: [/Volumes/xs/MacApps/Xcode-beta.app/Contents/Developer/Toolchains/XcodeDefault.xctoolchain/usr/bin/cc    -o CMakeFiles/cmTC_3271f.dir/CMakeCCompilerABI.c.o   -c /usr/local/Cellar/cmake/3.8.2/share/cmake/Modules/CMakeCCompilerABI.c]
  ignore line: [Linking C executable cmTC_3271f]
  ignore line: [/usr/local/Cellar/cmake/3.8.2/bin/cmake -E cmake_link_script CMakeFiles/cmTC_3271f.dir/link.txt --verbose=1]
  ignore line: [/Volumes/xs/MacApps/Xcode-beta.app/Contents/Developer/Toolchains/XcodeDefault.xctoolchain/usr/bin/cc   -Wl,-search_paths_first -Wl,-headerpad_max_install_names  -v -Wl,-v CMakeFiles/cmTC_3271f.dir/CMakeCCompilerABI.c.o  -o cmTC_3271f ]
  ignore line: [Apple LLVM version 9.0.0 (clang-900.0.38)]
  ignore line: [Target: x86_64-apple-darwin17.0.0]
  ignore line: [Thread model: posix]
  ignore line: [InstalledDir: /Volumes/xs/MacApps/Xcode-beta.app/Contents/Developer/Toolchains/XcodeDefault.xctoolchain/usr/bin]
  link line: [ "/Volumes/xs/MacApps/Xcode-beta.app/Contents/Developer/Toolchains/XcodeDefault.xctoolchain/usr/bin/ld" -demangle -lto_library /Volumes/xs/MacApps/Xcode-beta.app/Contents/Developer/Toolchains/XcodeDefault.xctoolchain/usr/lib/libLTO.dylib -dynamic -arch x86_64 -macosx_version_min 10.13.0 -o cmTC_3271f -search_paths_first -headerpad_max_install_names -v CMakeFiles/cmTC_3271f.dir/CMakeCCompilerABI.c.o -lSystem /Volumes/xs/MacApps/Xcode-beta.app/Contents/Developer/Toolchains/XcodeDefault.xctoolchain/usr/lib/clang/9.0.0/lib/darwin/libclang_rt.osx.a]
    arg [/Volumes/xs/MacApps/Xcode-beta.app/Contents/Developer/Toolchains/XcodeDefault.xctoolchain/usr/bin/ld] ==> ignore
    arg [-demangle] ==> ignore
    arg [-lto_library] ==> ignore, skip following value
    arg [/Volumes/xs/MacApps/Xcode-beta.app/Contents/Developer/Toolchains/XcodeDefault.xctoolchain/usr/lib/libLTO.dylib] ==> skip value of -lto_library
    arg [-dynamic] ==> ignore
    arg [-arch] ==> ignore
    arg [x86_64] ==> ignore
    arg [-macosx_version_min] ==> ignore
    arg [10.13.0] ==> ignore
    arg [-o] ==> ignore
    arg [cmTC_3271f] ==> ignore
    arg [-search_paths_first] ==> ignore
    arg [-headerpad_max_install_names] ==> ignore
    arg [-v] ==> ignore
    arg [CMakeFiles/cmTC_3271f.dir/CMakeCCompilerABI.c.o] ==> ignore
    arg [-lSystem] ==> lib [System]
    arg [/Volumes/xs/MacApps/Xcode-beta.app/Contents/Developer/Toolchains/XcodeDefault.xctoolchain/usr/lib/clang/9.0.0/lib/darwin/libclang_rt.osx.a] ==> lib [/Volumes/xs/MacApps/Xcode-beta.app/Contents/Developer/Toolchains/XcodeDefault.xctoolchain/usr/lib/clang/9.0.0/lib/darwin/libclang_rt.osx.a]
  Library search paths: [;/usr/lib;/usr/local/lib]
  Framework search paths: [;/Library/Frameworks/;/System/Library/Frameworks/]
  remove lib [System]
  remove lib [/Volumes/xs/MacApps/Xcode-beta.app/Contents/Developer/Toolchains/XcodeDefault.xctoolchain/usr/lib/clang/9.0.0/lib/darwin/libclang_rt.osx.a]
  collapse library dir [/usr/lib] ==> [/usr/lib]
  collapse library dir [/usr/local/lib] ==> [/usr/local/lib]
  collapse framework dir [/Library/Frameworks/] ==> [/Library/Frameworks]
  collapse framework dir [/System/Library/Frameworks/] ==> [/System/Library/Frameworks]
  implicit libs: []
  implicit dirs: [/usr/lib;/usr/local/lib]
  implicit fwks: [/Library/Frameworks;/System/Library/Frameworks]




Detecting C [-std=c11] compiler features compiled with the following output:
Change Dir: /Volumes/xs/CodeSpace/ng/ai/frameworks/mxnet_space/mxnet_cpp_test/build/CMakeFiles/CMakeTmp

Run Build Command:"/usr/bin/make" "cmTC_343b3/fast"
/Volumes/xs/MacApps/Xcode-beta.app/Contents/Developer/usr/bin/make -f CMakeFiles/cmTC_343b3.dir/build.make CMakeFiles/cmTC_343b3.dir/build
Building C object CMakeFiles/cmTC_343b3.dir/feature_tests.c.o
/Volumes/xs/MacApps/Xcode-beta.app/Contents/Developer/Toolchains/XcodeDefault.xctoolchain/usr/bin/cc   -std=c11 -o CMakeFiles/cmTC_343b3.dir/feature_tests.c.o   -c /Volumes/xs/CodeSpace/ng/ai/frameworks/mxnet_space/mxnet_cpp_test/build/CMakeFiles/feature_tests.c
Linking C executable cmTC_343b3
/usr/local/Cellar/cmake/3.8.2/bin/cmake -E cmake_link_script CMakeFiles/cmTC_343b3.dir/link.txt --verbose=1
/Volumes/xs/MacApps/Xcode-beta.app/Contents/Developer/Toolchains/XcodeDefault.xctoolchain/usr/bin/cc   -Wl,-search_paths_first -Wl,-headerpad_max_install_names   CMakeFiles/cmTC_343b3.dir/feature_tests.c.o  -o cmTC_343b3 


    Feature record: C_FEATURE:1c_function_prototypes
    Feature record: C_FEATURE:1c_restrict
    Feature record: C_FEATURE:1c_static_assert
    Feature record: C_FEATURE:1c_variadic_macros


Detecting C [-std=c99] compiler features compiled with the following output:
Change Dir: /Volumes/xs/CodeSpace/ng/ai/frameworks/mxnet_space/mxnet_cpp_test/build/CMakeFiles/CMakeTmp

Run Build Command:"/usr/bin/make" "cmTC_63c96/fast"
/Volumes/xs/MacApps/Xcode-beta.app/Contents/Developer/usr/bin/make -f CMakeFiles/cmTC_63c96.dir/build.make CMakeFiles/cmTC_63c96.dir/build
Building C object CMakeFiles/cmTC_63c96.dir/feature_tests.c.o
/Volumes/xs/MacApps/Xcode-beta.app/Contents/Developer/Toolchains/XcodeDefault.xctoolchain/usr/bin/cc   -std=c99 -o CMakeFiles/cmTC_63c96.dir/feature_tests.c.o   -c /Volumes/xs/CodeSpace/ng/ai/frameworks/mxnet_space/mxnet_cpp_test/build/CMakeFiles/feature_tests.c
Linking C executable cmTC_63c96
/usr/local/Cellar/cmake/3.8.2/bin/cmake -E cmake_link_script CMakeFiles/cmTC_63c96.dir/link.txt --verbose=1
/Volumes/xs/MacApps/Xcode-beta.app/Contents/Developer/Toolchains/XcodeDefault.xctoolchain/usr/bin/cc   -Wl,-search_paths_first -Wl,-headerpad_max_install_names   CMakeFiles/cmTC_63c96.dir/feature_tests.c.o  -o cmTC_63c96 


    Feature record: C_FEATURE:1c_function_prototypes
    Feature record: C_FEATURE:1c_restrict
    Feature record: C_FEATURE:0c_static_assert
    Feature record: C_FEATURE:1c_variadic_macros


Detecting C [-std=c90] compiler features compiled with the following output:
Change Dir: /Volumes/xs/CodeSpace/ng/ai/frameworks/mxnet_space/mxnet_cpp_test/build/CMakeFiles/CMakeTmp

Run Build Command:"/usr/bin/make" "cmTC_372fe/fast"
/Volumes/xs/MacApps/Xcode-beta.app/Contents/Developer/usr/bin/make -f CMakeFiles/cmTC_372fe.dir/build.make CMakeFiles/cmTC_372fe.dir/build
Building C object CMakeFiles/cmTC_372fe.dir/feature_tests.c.o
/Volumes/xs/MacApps/Xcode-beta.app/Contents/Developer/Toolchains/XcodeDefault.xctoolchain/usr/bin/cc   -std=c90 -o CMakeFiles/cmTC_372fe.dir/feature_tests.c.o   -c /Volumes/xs/CodeSpace/ng/ai/frameworks/mxnet_space/mxnet_cpp_test/build/CMakeFiles/feature_tests.c
Linking C executable cmTC_372fe
/usr/local/Cellar/cmake/3.8.2/bin/cmake -E cmake_link_script CMakeFiles/cmTC_372fe.dir/link.txt --verbose=1
/Volumes/xs/MacApps/Xcode-beta.app/Contents/Developer/Toolchains/XcodeDefault.xctoolchain/usr/bin/cc   -Wl,-search_paths_first -Wl,-headerpad_max_install_names   CMakeFiles/cmTC_372fe.dir/feature_tests.c.o  -o cmTC_372fe 


    Feature record: C_FEATURE:1c_function_prototypes
    Feature record: C_FEATURE:0c_restrict
    Feature record: C_FEATURE:0c_static_assert
    Feature record: C_FEATURE:0c_variadic_macros
Determining if the CXX compiler works passed with the following output:
Change Dir: /Volumes/xs/CodeSpace/ng/ai/frameworks/mxnet_space/mxnet_cpp_test/build/CMakeFiles/CMakeTmp

Run Build Command:"/usr/bin/make" "cmTC_59e68/fast"
/Volumes/xs/MacApps/Xcode-beta.app/Contents/Developer/usr/bin/make -f CMakeFiles/cmTC_59e68.dir/build.make CMakeFiles/cmTC_59e68.dir/build
Building CXX object CMakeFiles/cmTC_59e68.dir/testCXXCompiler.cxx.o
/Volumes/xs/MacApps/Xcode-beta.app/Contents/Developer/Toolchains/XcodeDefault.xctoolchain/usr/bin/c++     -o CMakeFiles/cmTC_59e68.dir/testCXXCompiler.cxx.o -c /Volumes/xs/CodeSpace/ng/ai/frameworks/mxnet_space/mxnet_cpp_test/build/CMakeFiles/CMakeTmp/testCXXCompiler.cxx
Linking CXX executable cmTC_59e68
/usr/local/Cellar/cmake/3.8.2/bin/cmake -E cmake_link_script CMakeFiles/cmTC_59e68.dir/link.txt --verbose=1
/Volumes/xs/MacApps/Xcode-beta.app/Contents/Developer/Toolchains/XcodeDefault.xctoolchain/usr/bin/c++    -Wl,-search_paths_first -Wl,-headerpad_max_install_names   CMakeFiles/cmTC_59e68.dir/testCXXCompiler.cxx.o  -o cmTC_59e68 


Detecting CXX compiler ABI info compiled with the following output:
Change Dir: /Volumes/xs/CodeSpace/ng/ai/frameworks/mxnet_space/mxnet_cpp_test/build/CMakeFiles/CMakeTmp

Run Build Command:"/usr/bin/make" "cmTC_700d1/fast"
/Volumes/xs/MacApps/Xcode-beta.app/Contents/Developer/usr/bin/make -f CMakeFiles/cmTC_700d1.dir/build.make CMakeFiles/cmTC_700d1.dir/build
Building CXX object CMakeFiles/cmTC_700d1.dir/CMakeCXXCompilerABI.cpp.o
/Volumes/xs/MacApps/Xcode-beta.app/Contents/Developer/Toolchains/XcodeDefault.xctoolchain/usr/bin/c++     -o CMakeFiles/cmTC_700d1.dir/CMakeCXXCompilerABI.cpp.o -c /usr/local/Cellar/cmake/3.8.2/share/cmake/Modules/CMakeCXXCompilerABI.cpp
Linking CXX executable cmTC_700d1
/usr/local/Cellar/cmake/3.8.2/bin/cmake -E cmake_link_script CMakeFiles/cmTC_700d1.dir/link.txt --verbose=1
/Volumes/xs/MacApps/Xcode-beta.app/Contents/Developer/Toolchains/XcodeDefault.xctoolchain/usr/bin/c++    -Wl,-search_paths_first -Wl,-headerpad_max_install_names  -v -Wl,-v CMakeFiles/cmTC_700d1.dir/CMakeCXXCompilerABI.cpp.o  -o cmTC_700d1 
Apple LLVM version 9.0.0 (clang-900.0.38)
Target: x86_64-apple-darwin17.0.0
Thread model: posix
InstalledDir: /Volumes/xs/MacApps/Xcode-beta.app/Contents/Developer/Toolchains/XcodeDefault.xctoolchain/usr/bin
 "/Volumes/xs/MacApps/Xcode-beta.app/Contents/Developer/Toolchains/XcodeDefault.xctoolchain/usr/bin/ld" -demangle -lto_library /Volumes/xs/MacApps/Xcode-beta.app/Contents/Developer/Toolchains/XcodeDefault.xctoolchain/usr/lib/libLTO.dylib -dynamic -arch x86_64 -macosx_version_min 10.13.0 -o cmTC_700d1 -search_paths_first -headerpad_max_install_names -v CMakeFiles/cmTC_700d1.dir/CMakeCXXCompilerABI.cpp.o -lc++ -lSystem /Volumes/xs/MacApps/Xcode-beta.app/Contents/Developer/Toolchains/XcodeDefault.xctoolchain/usr/lib/clang/9.0.0/lib/darwin/libclang_rt.osx.a
@(#)PROGRAM:ld  PROJECT:ld64-302.3
configured to support archs: armv6 armv7 armv7s arm64 i386 x86_64 x86_64h armv6m armv7k armv7m armv7em (tvOS)
Library search paths:
	/usr/lib
	/usr/local/lib
Framework search paths:
	/Library/Frameworks/
	/System/Library/Frameworks/


Parsed CXX implicit link information from above output:
  link line regex: [^( *|.*[/\])(ld|([^/\]+-)?ld|collect2)[^/\]*( |$)]
  ignore line: [Change Dir: /Volumes/xs/CodeSpace/ng/ai/frameworks/mxnet_space/mxnet_cpp_test/build/CMakeFiles/CMakeTmp]
  ignore line: []
  ignore line: [Run Build Command:"/usr/bin/make" "cmTC_700d1/fast"]
  ignore line: [/Volumes/xs/MacApps/Xcode-beta.app/Contents/Developer/usr/bin/make -f CMakeFiles/cmTC_700d1.dir/build.make CMakeFiles/cmTC_700d1.dir/build]
  ignore line: [Building CXX object CMakeFiles/cmTC_700d1.dir/CMakeCXXCompilerABI.cpp.o]
  ignore line: [/Volumes/xs/MacApps/Xcode-beta.app/Contents/Developer/Toolchains/XcodeDefault.xctoolchain/usr/bin/c++     -o CMakeFiles/cmTC_700d1.dir/CMakeCXXCompilerABI.cpp.o -c /usr/local/Cellar/cmake/3.8.2/share/cmake/Modules/CMakeCXXCompilerABI.cpp]
  ignore line: [Linking CXX executable cmTC_700d1]
  ignore line: [/usr/local/Cellar/cmake/3.8.2/bin/cmake -E cmake_link_script CMakeFiles/cmTC_700d1.dir/link.txt --verbose=1]
  ignore line: [/Volumes/xs/MacApps/Xcode-beta.app/Contents/Developer/Toolchains/XcodeDefault.xctoolchain/usr/bin/c++    -Wl,-search_paths_first -Wl,-headerpad_max_install_names  -v -Wl,-v CMakeFiles/cmTC_700d1.dir/CMakeCXXCompilerABI.cpp.o  -o cmTC_700d1 ]
  ignore line: [Apple LLVM version 9.0.0 (clang-900.0.38)]
  ignore line: [Target: x86_64-apple-darwin17.0.0]
  ignore line: [Thread model: posix]
  ignore line: [InstalledDir: /Volumes/xs/MacApps/Xcode-beta.app/Contents/Developer/Toolchains/XcodeDefault.xctoolchain/usr/bin]
  link line: [ "/Volumes/xs/MacApps/Xcode-beta.app/Contents/Developer/Toolchains/XcodeDefault.xctoolchain/usr/bin/ld" -demangle -lto_library /Volumes/xs/MacApps/Xcode-beta.app/Contents/Developer/Toolchains/XcodeDefault.xctoolchain/usr/lib/libLTO.dylib -dynamic -arch x86_64 -macosx_version_min 10.13.0 -o cmTC_700d1 -search_paths_first -headerpad_max_install_names -v CMakeFiles/cmTC_700d1.dir/CMakeCXXCompilerABI.cpp.o -lc++ -lSystem /Volumes/xs/MacApps/Xcode-beta.app/Contents/Developer/Toolchains/XcodeDefault.xctoolchain/usr/lib/clang/9.0.0/lib/darwin/libclang_rt.osx.a]
    arg [/Volumes/xs/MacApps/Xcode-beta.app/Contents/Developer/Toolchains/XcodeDefault.xctoolchain/usr/bin/ld] ==> ignore
    arg [-demangle] ==> ignore
    arg [-lto_library] ==> ignore, skip following value
    arg [/Volumes/xs/MacApps/Xcode-beta.app/Contents/Developer/Toolchains/XcodeDefault.xctoolchain/usr/lib/libLTO.dylib] ==> skip value of -lto_library
    arg [-dynamic] ==> ignore
    arg [-arch] ==> ignore
    arg [x86_64] ==> ignore
    arg [-macosx_version_min] ==> ignore
    arg [10.13.0] ==> ignore
    arg [-o] ==> ignore
    arg [cmTC_700d1] ==> ignore
    arg [-search_paths_first] ==> ignore
    arg [-headerpad_max_install_names] ==> ignore
    arg [-v] ==> ignore
    arg [CMakeFiles/cmTC_700d1.dir/CMakeCXXCompilerABI.cpp.o] ==> ignore
    arg [-lc++] ==> lib [c++]
    arg [-lSystem] ==> lib [System]
    arg [/Volumes/xs/MacApps/Xcode-beta.app/Contents/Developer/Toolchains/XcodeDefault.xctoolchain/usr/lib/clang/9.0.0/lib/darwin/libclang_rt.osx.a] ==> lib [/Volumes/xs/MacApps/Xcode-beta.app/Contents/Developer/Toolchains/XcodeDefault.xctoolchain/usr/lib/clang/9.0.0/lib/darwin/libclang_rt.osx.a]
  Library search paths: [;/usr/lib;/usr/local/lib]
  Framework search paths: [;/Library/Frameworks/;/System/Library/Frameworks/]
  remove lib [System]
  remove lib [/Volumes/xs/MacApps/Xcode-beta.app/Contents/Developer/Toolchains/XcodeDefault.xctoolchain/usr/lib/clang/9.0.0/lib/darwin/libclang_rt.osx.a]
  collapse library dir [/usr/lib] ==> [/usr/lib]
  collapse library dir [/usr/local/lib] ==> [/usr/local/lib]
  collapse framework dir [/Library/Frameworks/] ==> [/Library/Frameworks]
  collapse framework dir [/System/Library/Frameworks/] ==> [/System/Library/Frameworks]
  implicit libs: [c++]
  implicit dirs: [/usr/lib;/usr/local/lib]
  implicit fwks: [/Library/Frameworks;/System/Library/Frameworks]




Detecting CXX [-std=c++1z] compiler features compiled with the following output:
Change Dir: /Volumes/xs/CodeSpace/ng/ai/frameworks/mxnet_space/mxnet_cpp_test/build/CMakeFiles/CMakeTmp

Run Build Command:"/usr/bin/make" "cmTC_081f3/fast"
/Volumes/xs/MacApps/Xcode-beta.app/Contents/Developer/usr/bin/make -f CMakeFiles/cmTC_081f3.dir/build.make CMakeFiles/cmTC_081f3.dir/build
Building CXX object CMakeFiles/cmTC_081f3.dir/feature_tests.cxx.o
/Volumes/xs/MacApps/Xcode-beta.app/Contents/Developer/Toolchains/XcodeDefault.xctoolchain/usr/bin/c++    -std=c++1z -o CMakeFiles/cmTC_081f3.dir/feature_tests.cxx.o -c /Volumes/xs/CodeSpace/ng/ai/frameworks/mxnet_space/mxnet_cpp_test/build/CMakeFiles/feature_tests.cxx
Linking CXX executable cmTC_081f3
/usr/local/Cellar/cmake/3.8.2/bin/cmake -E cmake_link_script CMakeFiles/cmTC_081f3.dir/link.txt --verbose=1
/Volumes/xs/MacApps/Xcode-beta.app/Contents/Developer/Toolchains/XcodeDefault.xctoolchain/usr/bin/c++    -Wl,-search_paths_first -Wl,-headerpad_max_install_names   CMakeFiles/cmTC_081f3.dir/feature_tests.cxx.o  -o cmTC_081f3 


    Feature record: CXX_FEATURE:1cxx_aggregate_default_initializers
    Feature record: CXX_FEATURE:1cxx_alias_templates
    Feature record: CXX_FEATURE:1cxx_alignas
    Feature record: CXX_FEATURE:1cxx_alignof
    Feature record: CXX_FEATURE:1cxx_attributes
    Feature record: CXX_FEATURE:1cxx_attribute_deprecated
    Feature record: CXX_FEATURE:1cxx_auto_type
    Feature record: CXX_FEATURE:1cxx_binary_literals
    Feature record: CXX_FEATURE:1cxx_constexpr
    Feature record: CXX_FEATURE:1cxx_contextual_conversions
    Feature record: CXX_FEATURE:1cxx_decltype
    Feature record: CXX_FEATURE:1cxx_decltype_auto
    Feature record: CXX_FEATURE:1cxx_decltype_incomplete_return_types
    Feature record: CXX_FEATURE:1cxx_default_function_template_args
    Feature record: CXX_FEATURE:1cxx_defaulted_functions
    Feature record: CXX_FEATURE:1cxx_defaulted_move_initializers
    Feature record: CXX_FEATURE:1cxx_delegating_constructors
    Feature record: CXX_FEATURE:1cxx_deleted_functions
    Feature record: CXX_FEATURE:1cxx_digit_separators
    Feature record: CXX_FEATURE:1cxx_enum_forward_declarations
    Feature record: CXX_FEATURE:1cxx_explicit_conversions
    Feature record: CXX_FEATURE:1cxx_extended_friend_declarations
    Feature record: CXX_FEATURE:1cxx_extern_templates
    Feature record: CXX_FEATURE:1cxx_final
    Feature record: CXX_FEATURE:1cxx_func_identifier
    Feature record: CXX_FEATURE:1cxx_generalized_initializers
    Feature record: CXX_FEATURE:1cxx_generic_lambdas
    Feature record: CXX_FEATURE:1cxx_inheriting_constructors
    Feature record: CXX_FEATURE:1cxx_inline_namespaces
    Feature record: CXX_FEATURE:1cxx_lambdas
    Feature record: CXX_FEATURE:1cxx_lambda_init_captures
    Feature record: CXX_FEATURE:1cxx_local_type_template_args
    Feature record: CXX_FEATURE:1cxx_long_long_type
    Feature record: CXX_FEATURE:1cxx_noexcept
    Feature record: CXX_FEATURE:1cxx_nonstatic_member_init
    Feature record: CXX_FEATURE:1cxx_nullptr
    Feature record: CXX_FEATURE:1cxx_override
    Feature record: CXX_FEATURE:1cxx_range_for
    Feature record: CXX_FEATURE:1cxx_raw_string_literals
    Feature record: CXX_FEATURE:1cxx_reference_qualified_functions
    Feature record: CXX_FEATURE:1cxx_relaxed_constexpr
    Feature record: CXX_FEATURE:1cxx_return_type_deduction
    Feature record: CXX_FEATURE:1cxx_right_angle_brackets
    Feature record: CXX_FEATURE:1cxx_rvalue_references
    Feature record: CXX_FEATURE:1cxx_sizeof_member
    Feature record: CXX_FEATURE:1cxx_static_assert
    Feature record: CXX_FEATURE:1cxx_strong_enums
    Feature record: CXX_FEATURE:1cxx_template_template_parameters
    Feature record: CXX_FEATURE:1cxx_thread_local
    Feature record: CXX_FEATURE:1cxx_trailing_return_types
    Feature record: CXX_FEATURE:1cxx_unicode_literals
    Feature record: CXX_FEATURE:1cxx_uniform_initialization
    Feature record: CXX_FEATURE:1cxx_unrestricted_unions
    Feature record: CXX_FEATURE:1cxx_user_literals
    Feature record: CXX_FEATURE:1cxx_variable_templates
    Feature record: CXX_FEATURE:1cxx_variadic_macros
    Feature record: CXX_FEATURE:1cxx_variadic_templates


Detecting CXX [-std=c++14] compiler features compiled with the following output:
Change Dir: /Volumes/xs/CodeSpace/ng/ai/frameworks/mxnet_space/mxnet_cpp_test/build/CMakeFiles/CMakeTmp

Run Build Command:"/usr/bin/make" "cmTC_36c9a/fast"
/Volumes/xs/MacApps/Xcode-beta.app/Contents/Developer/usr/bin/make -f CMakeFiles/cmTC_36c9a.dir/build.make CMakeFiles/cmTC_36c9a.dir/build
Building CXX object CMakeFiles/cmTC_36c9a.dir/feature_tests.cxx.o
/Volumes/xs/MacApps/Xcode-beta.app/Contents/Developer/Toolchains/XcodeDefault.xctoolchain/usr/bin/c++    -std=c++14 -o CMakeFiles/cmTC_36c9a.dir/feature_tests.cxx.o -c /Volumes/xs/CodeSpace/ng/ai/frameworks/mxnet_space/mxnet_cpp_test/build/CMakeFiles/feature_tests.cxx
Linking CXX executable cmTC_36c9a
/usr/local/Cellar/cmake/3.8.2/bin/cmake -E cmake_link_script CMakeFiles/cmTC_36c9a.dir/link.txt --verbose=1
/Volumes/xs/MacApps/Xcode-beta.app/Contents/Developer/Toolchains/XcodeDefault.xctoolchain/usr/bin/c++    -Wl,-search_paths_first -Wl,-headerpad_max_install_names   CMakeFiles/cmTC_36c9a.dir/feature_tests.cxx.o  -o cmTC_36c9a 


    Feature record: CXX_FEATURE:1cxx_aggregate_default_initializers
    Feature record: CXX_FEATURE:1cxx_alias_templates
    Feature record: CXX_FEATURE:1cxx_alignas
    Feature record: CXX_FEATURE:1cxx_alignof
    Feature record: CXX_FEATURE:1cxx_attributes
    Feature record: CXX_FEATURE:1cxx_attribute_deprecated
    Feature record: CXX_FEATURE:1cxx_auto_type
    Feature record: CXX_FEATURE:1cxx_binary_literals
    Feature record: CXX_FEATURE:1cxx_constexpr
    Feature record: CXX_FEATURE:1cxx_contextual_conversions
    Feature record: CXX_FEATURE:1cxx_decltype
    Feature record: CXX_FEATURE:1cxx_decltype_auto
    Feature record: CXX_FEATURE:1cxx_decltype_incomplete_return_types
    Feature record: CXX_FEATURE:1cxx_default_function_template_args
    Feature record: CXX_FEATURE:1cxx_defaulted_functions
    Feature record: CXX_FEATURE:1cxx_defaulted_move_initializers
    Feature record: CXX_FEATURE:1cxx_delegating_constructors
    Feature record: CXX_FEATURE:1cxx_deleted_functions
    Feature record: CXX_FEATURE:1cxx_digit_separators
    Feature record: CXX_FEATURE:1cxx_enum_forward_declarations
    Feature record: CXX_FEATURE:1cxx_explicit_conversions
    Feature record: CXX_FEATURE:1cxx_extended_friend_declarations
    Feature record: CXX_FEATURE:1cxx_extern_templates
    Feature record: CXX_FEATURE:1cxx_final
    Feature record: CXX_FEATURE:1cxx_func_identifier
    Feature record: CXX_FEATURE:1cxx_generalized_initializers
    Feature record: CXX_FEATURE:1cxx_generic_lambdas
    Feature record: CXX_FEATURE:1cxx_inheriting_constructors
    Feature record: CXX_FEATURE:1cxx_inline_namespaces
    Feature record: CXX_FEATURE:1cxx_lambdas
    Feature record: CXX_FEATURE:1cxx_lambda_init_captures
    Feature record: CXX_FEATURE:1cxx_local_type_template_args
    Feature record: CXX_FEATURE:1cxx_long_long_type
    Feature record: CXX_FEATURE:1cxx_noexcept
    Feature record: CXX_FEATURE:1cxx_nonstatic_member_init
    Feature record: CXX_FEATURE:1cxx_nullptr
    Feature record: CXX_FEATURE:1cxx_override
    Feature record: CXX_FEATURE:1cxx_range_for
    Feature record: CXX_FEATURE:1cxx_raw_string_literals
    Feature record: CXX_FEATURE:1cxx_reference_qualified_functions
    Feature record: CXX_FEATURE:1cxx_relaxed_constexpr
    Feature record: CXX_FEATURE:1cxx_return_type_deduction
    Feature record: CXX_FEATURE:1cxx_right_angle_brackets
    Feature record: CXX_FEATURE:1cxx_rvalue_references
    Feature record: CXX_FEATURE:1cxx_sizeof_member
    Feature record: CXX_FEATURE:1cxx_static_assert
    Feature record: CXX_FEATURE:1cxx_strong_enums
    Feature record: CXX_FEATURE:1cxx_template_template_parameters
    Feature record: CXX_FEATURE:1cxx_thread_local
    Feature record: CXX_FEATURE:1cxx_trailing_return_types
    Feature record: CXX_FEATURE:1cxx_unicode_literals
    Feature record: CXX_FEATURE:1cxx_uniform_initialization
    Feature record: CXX_FEATURE:1cxx_unrestricted_unions
    Feature record: CXX_FEATURE:1cxx_user_literals
    Feature record: CXX_FEATURE:1cxx_variable_templates
    Feature record: CXX_FEATURE:1cxx_variadic_macros
    Feature record: CXX_FEATURE:1cxx_variadic_templates


Detecting CXX [-std=c++11] compiler features compiled with the following output:
Change Dir: /Volumes/xs/CodeSpace/ng/ai/frameworks/mxnet_space/mxnet_cpp_test/build/CMakeFiles/CMakeTmp

Run Build Command:"/usr/bin/make" "cmTC_466b7/fast"
/Volumes/xs/MacApps/Xcode-beta.app/Contents/Developer/usr/bin/make -f CMakeFiles/cmTC_466b7.dir/build.make CMakeFiles/cmTC_466b7.dir/build
Building CXX object CMakeFiles/cmTC_466b7.dir/feature_tests.cxx.o
/Volumes/xs/MacApps/Xcode-beta.app/Contents/Developer/Toolchains/XcodeDefault.xctoolchain/usr/bin/c++    -std=c++11 -o CMakeFiles/cmTC_466b7.dir/feature_tests.cxx.o -c /Volumes/xs/CodeSpace/ng/ai/frameworks/mxnet_space/mxnet_cpp_test/build/CMakeFiles/feature_tests.cxx
Linking CXX executable cmTC_466b7
/usr/local/Cellar/cmake/3.8.2/bin/cmake -E cmake_link_script CMakeFiles/cmTC_466b7.dir/link.txt --verbose=1
/Volumes/xs/MacApps/Xcode-beta.app/Contents/Developer/Toolchains/XcodeDefault.xctoolchain/usr/bin/c++    -Wl,-search_paths_first -Wl,-headerpad_max_install_names   CMakeFiles/cmTC_466b7.dir/feature_tests.cxx.o  -o cmTC_466b7 


    Feature record: CXX_FEATURE:0cxx_aggregate_default_initializers
    Feature record: CXX_FEATURE:1cxx_alias_templates
    Feature record: CXX_FEATURE:1cxx_alignas
    Feature record: CXX_FEATURE:1cxx_alignof
    Feature record: CXX_FEATURE:1cxx_attributes
    Feature record: CXX_FEATURE:0cxx_attribute_deprecated
    Feature record: CXX_FEATURE:1cxx_auto_type
    Feature record: CXX_FEATURE:0cxx_binary_literals
    Feature record: CXX_FEATURE:1cxx_constexpr
    Feature record: CXX_FEATURE:0cxx_contextual_conversions
    Feature record: CXX_FEATURE:1cxx_decltype
    Feature record: CXX_FEATURE:0cxx_decltype_auto
    Feature record: CXX_FEATURE:1cxx_decltype_incomplete_return_types
    Feature record: CXX_FEATURE:1cxx_default_function_template_args
    Feature record: CXX_FEATURE:1cxx_defaulted_functions
    Feature record: CXX_FEATURE:1cxx_defaulted_move_initializers
    Feature record: CXX_FEATURE:1cxx_delegating_constructors
    Feature record: CXX_FEATURE:1cxx_deleted_functions
    Feature record: CXX_FEATURE:0cxx_digit_separators
    Feature record: CXX_FEATURE:1cxx_enum_forward_declarations
    Feature record: CXX_FEATURE:1cxx_explicit_conversions
    Feature record: CXX_FEATURE:1cxx_extended_friend_declarations
    Feature record: CXX_FEATURE:1cxx_extern_templates
    Feature record: CXX_FEATURE:1cxx_final
    Feature record: CXX_FEATURE:1cxx_func_identifier
    Feature record: CXX_FEATURE:1cxx_generalized_initializers
    Feature record: CXX_FEATURE:0cxx_generic_lambdas
    Feature record: CXX_FEATURE:1cxx_inheriting_constructors
    Feature record: CXX_FEATURE:1cxx_inline_namespaces
    Feature record: CXX_FEATURE:1cxx_lambdas
    Feature record: CXX_FEATURE:0cxx_lambda_init_captures
    Feature record: CXX_FEATURE:1cxx_local_type_template_args
    Feature record: CXX_FEATURE:1cxx_long_long_type
    Feature record: CXX_FEATURE:1cxx_noexcept
    Feature record: CXX_FEATURE:1cxx_nonstatic_member_init
    Feature record: CXX_FEATURE:1cxx_nullptr
    Feature record: CXX_FEATURE:1cxx_override
    Feature record: CXX_FEATURE:1cxx_range_for
    Feature record: CXX_FEATURE:1cxx_raw_string_literals
    Feature record: CXX_FEATURE:1cxx_reference_qualified_functions
    Feature record: CXX_FEATURE:0cxx_relaxed_constexpr
    Feature record: CXX_FEATURE:0cxx_return_type_deduction
    Feature record: CXX_FEATURE:1cxx_right_angle_brackets
    Feature record: CXX_FEATURE:1cxx_rvalue_references
    Feature record: CXX_FEATURE:1cxx_sizeof_member
    Feature record: CXX_FEATURE:1cxx_static_assert
    Feature record: CXX_FEATURE:1cxx_strong_enums
    Feature record: CXX_FEATURE:1cxx_template_template_parameters
    Feature record: CXX_FEATURE:1cxx_thread_local
    Feature record: CXX_FEATURE:1cxx_trailing_return_types
    Feature record: CXX_FEATURE:1cxx_unicode_literals
    Feature record: CXX_FEATURE:1cxx_uniform_initialization
    Feature record: CXX_FEATURE:1cxx_unrestricted_unions
    Feature record: CXX_FEATURE:1cxx_user_literals
    Feature record: CXX_FEATURE:0cxx_variable_templates
    Feature record: CXX_FEATURE:1cxx_variadic_macros
    Feature record: CXX_FEATURE:1cxx_variadic_templates


Detecting CXX [-std=c++98] compiler features compiled with the following output:
Change Dir: /Volumes/xs/CodeSpace/ng/ai/frameworks/mxnet_space/mxnet_cpp_test/build/CMakeFiles/CMakeTmp

Run Build Command:"/usr/bin/make" "cmTC_7a822/fast"
/Volumes/xs/MacApps/Xcode-beta.app/Contents/Developer/usr/bin/make -f CMakeFiles/cmTC_7a822.dir/build.make CMakeFiles/cmTC_7a822.dir/build
Building CXX object CMakeFiles/cmTC_7a822.dir/feature_tests.cxx.o
/Volumes/xs/MacApps/Xcode-beta.app/Contents/Developer/Toolchains/XcodeDefault.xctoolchain/usr/bin/c++    -std=c++98 -o CMakeFiles/cmTC_7a822.dir/feature_tests.cxx.o -c /Volumes/xs/CodeSpace/ng/ai/frameworks/mxnet_space/mxnet_cpp_test/build/CMakeFiles/feature_tests.cxx
Linking CXX executable cmTC_7a822
/usr/local/Cellar/cmake/3.8.2/bin/cmake -E cmake_link_script CMakeFiles/cmTC_7a822.dir/link.txt --verbose=1
/Volumes/xs/MacApps/Xcode-beta.app/Contents/Developer/Toolchains/XcodeDefault.xctoolchain/usr/bin/c++    -Wl,-search_paths_first -Wl,-headerpad_max_install_names   CMakeFiles/cmTC_7a822.dir/feature_tests.cxx.o  -o cmTC_7a822 


    Feature record: CXX_FEATURE:0cxx_aggregate_default_initializers
    Feature record: CXX_FEATURE:0cxx_alias_templates
    Feature record: CXX_FEATURE:0cxx_alignas
    Feature record: CXX_FEATURE:0cxx_alignof
    Feature record: CXX_FEATURE:0cxx_attributes
    Feature record: CXX_FEATURE:0cxx_attribute_deprecated
    Feature record: CXX_FEATURE:0cxx_auto_type
    Feature record: CXX_FEATURE:0cxx_binary_literals
    Feature record: CXX_FEATURE:0cxx_constexpr
    Feature record: CXX_FEATURE:0cxx_contextual_conversions
    Feature record: CXX_FEATURE:0cxx_decltype
    Feature record: CXX_FEATURE:0cxx_decltype_auto
    Feature record: CXX_FEATURE:0cxx_decltype_incomplete_return_types
    Feature record: CXX_FEATURE:0cxx_default_function_template_args
    Feature record: CXX_FEATURE:0cxx_defaulted_functions
    Feature record: CXX_FEATURE:0cxx_defaulted_move_initializers
    Feature record: CXX_FEATURE:0cxx_delegating_constructors
    Feature record: CXX_FEATURE:0cxx_deleted_functions
    Feature record: CXX_FEATURE:0cxx_digit_separators
    Feature record: CXX_FEATURE:0cxx_enum_forward_declarations
    Feature record: CXX_FEATURE:0cxx_explicit_conversions
    Feature record: CXX_FEATURE:0cxx_extended_friend_declarations
    Feature record: CXX_FEATURE:0cxx_extern_templates
    Feature record: CXX_FEATURE:0cxx_final
    Feature record: CXX_FEATURE:0cxx_func_identifier
    Feature record: CXX_FEATURE:0cxx_generalized_initializers
    Feature record: CXX_FEATURE:0cxx_generic_lambdas
    Feature record: CXX_FEATURE:0cxx_inheriting_constructors
    Feature record: CXX_FEATURE:0cxx_inline_namespaces
    Feature record: CXX_FEATURE:0cxx_lambdas
    Feature record: CXX_FEATURE:0cxx_lambda_init_captures
    Feature record: CXX_FEATURE:0cxx_local_type_template_args
    Feature record: CXX_FEATURE:0cxx_long_long_type
    Feature record: CXX_FEATURE:0cxx_noexcept
    Feature record: CXX_FEATURE:0cxx_nonstatic_member_init
    Feature record: CXX_FEATURE:0cxx_nullptr
    Feature record: CXX_FEATURE:0cxx_override
    Feature record: CXX_FEATURE:0cxx_range_for
    Feature record: CXX_FEATURE:0cxx_raw_string_literals
    Feature record: CXX_FEATURE:0cxx_reference_qualified_functions
    Feature record: CXX_FEATURE:0cxx_relaxed_constexpr
    Feature record: CXX_FEATURE:0cxx_return_type_deduction
    Feature record: CXX_FEATURE:0cxx_right_angle_brackets
    Feature record: CXX_FEATURE:0cxx_rvalue_references
    Feature record: CXX_FEATURE:0cxx_sizeof_member
    Feature record: CXX_FEATURE:0cxx_static_assert
    Feature record: CXX_FEATURE:0cxx_strong_enums
    Feature record: CXX_FEATURE:1cxx_template_template_parameters
    Feature record: CXX_FEATURE:0cxx_thread_local
    Feature record: CXX_FEATURE:0cxx_trailing_return_types
    Feature record: CXX_FEATURE:0cxx_unicode_literals
    Feature record: CXX_FEATURE:0cxx_uniform_initialization
    Feature record: CXX_FEATURE:0cxx_unrestricted_unions
    Feature record: CXX_FEATURE:0cxx_user_literals
    Feature record: CXX_FEATURE:0cxx_variable_templates
    Feature record: CXX_FEATURE:0cxx_variadic_macros
    Feature record: CXX_FEATURE:0cxx_variadic_templates
